/tmp/cc21L2ul.o: In function `User::valid() const':
user1.cc:(.text+0x0): multiple definition of `User::valid() const'
/tmp/ccqnkhgc.o:main.cc:(.text+0x0): first defined here
/tmp/cc21L2ul.o: In function `User::groupId() const':
user1.cc:(.text+0x12): multiple definition of `User::groupId() const'
/tmp/ccqnkhgc.o:main.cc:(.text+0x12): first defined here
/tmp/cc21L2ul.o: In function `User::homeDir[abi:cxx11]() const':
user1.cc:(.text+0x24): multiple definition of `User::homeDir[abi:cxx11]() const'
/tmp/ccqnkhgc.o:main.cc:(.text+0x24): first defined here
/tmp/cc21L2ul.o: In function `User::name[abi:cxx11]() const':
user1.cc:(.text+0x52): multiple definition of `User::name[abi:cxx11]() const'
/tmp/ccqnkhgc.o:main.cc:(.text+0x52): first defined here
/tmp/cc21L2ul.o: In function `User::realName[abi:cxx11]() const':
user1.cc:(.text+0x80): multiple definition of `User::realName[abi:cxx11]() const'
/tmp/ccqnkhgc.o:main.cc:(.text+0x80): first defined here
/tmp/cc21L2ul.o: In function `User::shell[abi:cxx11]() const':
user1.cc:(.text+0xae): multiple definition of `User::shell[abi:cxx11]() const'
/tmp/ccqnkhgc.o:main.cc:(.text+0xae): first defined here
/tmp/cc21L2ul.o: In function `User::userId() const':
user1.cc:(.text+0xdc): multiple definition of `User::userId() const'
/tmp/ccqnkhgc.o:main.cc:(.text+0xdc): first defined here
/tmp/cc21L2ul.o: In function `inGroup(unsigned long)':
user1.cc:(.text+0xf1): multiple definition of `inGroup(unsigned long)'
/tmp/ccqnkhgc.o:main.cc:(.text+0xf1): first defined here
collect2: error: ld returned 1 exit status
