This is pdfTeX, Version 3.14159265-2.6-1.40.18 (TeX Live 2017/Arch Linux) (preloaded format=pdflatex 2017.10.9)  11 OCT 2017 22:02
entering extended mode
 \write18 enabled.
 %&-line parsing enabled.
**main.tex
(./main.tex
LaTeX2e <2017-04-15>
Babel <3.12> and hyphenation patterns for 84 language(s) loaded.
(/usr/share/texmf-dist/tex/latex/base/article.cls
Document Class: article 2014/09/29 v1.4h Standard LaTeX document class
(/usr/share/texmf-dist/tex/latex/base/size10.clo
File: size10.clo 2014/09/29 v1.4h Standard LaTeX file (size option)
)
\c@part=\count79
\c@section=\count80
\c@subsection=\count81
\c@subsubsection=\count82
\c@paragraph=\count83
\c@subparagraph=\count84
\c@figure=\count85
\c@table=\count86
\abovecaptionskip=\skip41
\belowcaptionskip=\skip42
\bibindent=\dimen102
)
(/usr/share/texmf-dist/tex/latex/geometry/geometry.sty
Package: geometry 2010/09/12 v5.6 Page Geometry

(/usr/share/texmf-dist/tex/latex/graphics/keyval.sty
Package: keyval 2014/10/28 v1.15 key=value parser (DPC)
\KV@toks@=\toks14
)
(/usr/share/texmf-dist/tex/generic/oberdiek/ifpdf.sty
Package: ifpdf 2017/03/15 v3.2 Provides the ifpdf switch
)
(/usr/share/texmf-dist/tex/generic/oberdiek/ifvtex.sty
Package: ifvtex 2016/05/16 v1.6 Detect VTeX and its facilities (HO)
Package ifvtex Info: VTeX not detected.
)
(/usr/share/texmf-dist/tex/generic/ifxetex/ifxetex.sty
Package: ifxetex 2010/09/12 v0.6 Provides ifxetex conditional
)
\Gm@cnth=\count87
\Gm@cntv=\count88
\c@Gm@tempcnt=\count89
\Gm@bindingoffset=\dimen103
\Gm@wd@mp=\dimen104
\Gm@odd@mp=\dimen105
\Gm@even@mp=\dimen106
\Gm@layoutwidth=\dimen107
\Gm@layoutheight=\dimen108
\Gm@layouthoffset=\dimen109
\Gm@layoutvoffset=\dimen110
\Gm@dimlist=\toks15
)
(/usr/share/texmf-dist/tex/latex/amsmath/amsmath.sty
Package: amsmath 2016/11/05 v2.16a AMS math features
\@mathmargin=\skip43

For additional information on amsmath, use the `?' option.
(/usr/share/texmf-dist/tex/latex/amsmath/amstext.sty
Package: amstext 2000/06/29 v2.01 AMS text

(/usr/share/texmf-dist/tex/latex/amsmath/amsgen.sty
File: amsgen.sty 1999/11/30 v2.0 generic functions
\@emptytoks=\toks16
\ex@=\dimen111
))
(/usr/share/texmf-dist/tex/latex/amsmath/amsbsy.sty
Package: amsbsy 1999/11/29 v1.2d Bold Symbols
\pmbraise@=\dimen112
)
(/usr/share/texmf-dist/tex/latex/amsmath/amsopn.sty
Package: amsopn 2016/03/08 v2.02 operator names
)
\inf@bad=\count90
LaTeX Info: Redefining \frac on input line 213.
\uproot@=\count91
\leftroot@=\count92
LaTeX Info: Redefining \overline on input line 375.
\classnum@=\count93
\DOTSCASE@=\count94
LaTeX Info: Redefining \ldots on input line 472.
LaTeX Info: Redefining \dots on input line 475.
LaTeX Info: Redefining \cdots on input line 596.
\Mathstrutbox@=\box26
\strutbox@=\box27
\big@size=\dimen113
LaTeX Font Info:    Redeclaring font encoding OML on input line 712.
LaTeX Font Info:    Redeclaring font encoding OMS on input line 713.
\macc@depth=\count95
\c@MaxMatrixCols=\count96
\dotsspace@=\muskip10
\c@parentequation=\count97
\dspbrk@lvl=\count98
\tag@help=\toks17
\row@=\count99
\column@=\count100
\maxfields@=\count101
\andhelp@=\toks18
\eqnshift@=\dimen114
\alignsep@=\dimen115
\tagshift@=\dimen116
\tagwidth@=\dimen117
\totwidth@=\dimen118
\lineht@=\dimen119
\@envbody=\toks19
\multlinegap=\skip44
\multlinetaggap=\skip45
\mathdisplay@stack=\toks20
LaTeX Info: Redefining \[ on input line 2817.
LaTeX Info: Redefining \] on input line 2818.
)
(/usr/share/texmf-dist/tex/latex/amsfonts/amsfonts.sty
Package: amsfonts 2013/01/14 v3.01 Basic AMSFonts support
\symAMSa=\mathgroup4
\symAMSb=\mathgroup5
LaTeX Font Info:    Overwriting math alphabet `\mathfrak' in version `bold'
(Font)                  U/euf/m/n --> U/euf/b/n on input line 106.
)
(/usr/share/texmf-dist/tex/latex/amsfonts/amssymb.sty
Package: amssymb 2013/01/14 v3.01 AMS font symbols
)
(/usr/share/texmf-dist/tex/latex/graphics/graphicx.sty
Package: graphicx 2017/06/01 v1.1a Enhanced LaTeX Graphics (DPC,SPQR)

(/usr/share/texmf-dist/tex/latex/graphics/graphics.sty
Package: graphics 2017/06/25 v1.2c Standard LaTeX Graphics (DPC,SPQR)

(/usr/share/texmf-dist/tex/latex/graphics/trig.sty
Package: trig 2016/01/03 v1.10 sin cos tan (DPC)
)
(/usr/share/texmf-dist/tex/latex/graphics-cfg/graphics.cfg
File: graphics.cfg 2016/06/04 v1.11 sample graphics configuration
)
Package graphics Info: Driver file: pdftex.def on input line 99.

(/usr/share/texmf-dist/tex/latex/graphics-def/pdftex.def
File: pdftex.def 2017/06/24 v1.0g Graphics/color driver for pdftex
))
\Gin@req@height=\dimen120
\Gin@req@width=\dimen121
)
(/usr/share/texmf-dist/tex/latex/listings/listings.sty
\lst@mode=\count102
\lst@gtempboxa=\box28
\lst@token=\toks21
\lst@length=\count103
\lst@currlwidth=\dimen122
\lst@column=\count104
\lst@pos=\count105
\lst@lostspace=\dimen123
\lst@width=\dimen124
\lst@newlines=\count106
\lst@lineno=\count107
\lst@maxwidth=\dimen125

(/usr/share/texmf-dist/tex/latex/listings/lstmisc.sty
File: lstmisc.sty 2015/06/04 1.6 (Carsten Heinz)
\c@lstnumber=\count108
\lst@skipnumbers=\count109
\lst@framebox=\box29
)
(/usr/share/texmf-dist/tex/latex/listings/listings.cfg
File: listings.cfg 2015/06/04 1.6 listings configuration
))
Package: listings 2015/06/04 1.6 (Carsten Heinz)

(/usr/share/texmf-dist/tex/latex/minted/minted.sty
Package: minted 2017/07/19 v2.5 Yet another Pygments shim for LaTeX

(/usr/share/texmf-dist/tex/latex/oberdiek/kvoptions.sty
Package: kvoptions 2016/05/16 v3.12 Key value format for package options (HO)

(/usr/share/texmf-dist/tex/generic/oberdiek/ltxcmds.sty
Package: ltxcmds 2016/05/16 v1.23 LaTeX kernel commands for general use (HO)
)
(/usr/share/texmf-dist/tex/generic/oberdiek/kvsetkeys.sty
Package: kvsetkeys 2016/05/16 v1.17 Key value parser (HO)

(/usr/share/texmf-dist/tex/generic/oberdiek/infwarerr.sty
Package: infwarerr 2016/05/16 v1.4 Providing info/warning/error messages (HO)
)
(/usr/share/texmf-dist/tex/generic/oberdiek/etexcmds.sty
Package: etexcmds 2016/05/16 v1.6 Avoid name clashes with e-TeX commands (HO)

(/usr/share/texmf-dist/tex/generic/oberdiek/ifluatex.sty
Package: ifluatex 2016/05/16 v1.4 Provides the ifluatex switch (HO)
Package ifluatex Info: LuaTeX not detected.
)
Package etexcmds Info: Could not find \expanded.
(etexcmds)             That can mean that you are not using pdfTeX 1.50 or
(etexcmds)             that some package has redefined \expanded.
(etexcmds)             In the latter case, load this package earlier.
)))
(/usr/share/texmf-dist/tex/latex/fvextra/fvextra.sty
Package: fvextra 2017/07/08 v1.3.1 fvextra - extensions and patches for fancyvr
b

(/usr/share/texmf-dist/tex/latex/base/ifthen.sty
Package: ifthen 2014/09/29 v1.1c Standard LaTeX ifthen package (DPC)
)
(/usr/share/texmf-dist/tex/latex/etoolbox/etoolbox.sty
Package: etoolbox 2017/01/02 v2.4 e-TeX tools for LaTeX (JAW)
\etb@tempcnta=\count110
)
(/usr/share/texmf-dist/tex/latex/fancyvrb/fancyvrb.sty
Package: fancyvrb 2008/02/07

Style option: `fancyvrb' v2.7a, with DG/SPQR fixes, and firstline=lastline fix 
<2008/02/07> (tvz)
\FV@CodeLineNo=\count111
\FV@InFile=\read1
\FV@TabBox=\box30
\c@FancyVerbLine=\count112
\FV@StepNumber=\count113
\FV@OutFile=\write3
) (/usr/share/texmf-dist/tex/latex/upquote/upquote.sty
Package: upquote 2012/04/19 v1.3 upright-quote and grave-accent glyphs in verba
tim
)
(/usr/share/texmf-dist/tex/latex/lineno/lineno.sty
Package: lineno 2005/11/02 line numbers on paragraphs v4.41
\linenopenalty=\count114
\output=\toks22
\linenoprevgraf=\count115
\linenumbersep=\dimen126
\linenumberwidth=\dimen127
\c@linenumber=\count116
\c@pagewiselinenumber=\count117
\c@LN@truepage=\count118
\c@internallinenumber=\count119
\c@internallinenumbers=\count120
\quotelinenumbersep=\dimen128
\bframerule=\dimen129
\bframesep=\dimen130
\bframebox=\box31
LaTeX Info: Redefining \\ on input line 3056.
)
\c@FV@TrueTabGroupLevel=\count121
\c@FV@TrueTabCounter=\count122
\FV@TabBox@Group=\box32
\FV@TmpLength=\skip46
\c@FV@HighlightLinesStart=\count123
\c@FV@HighlightLinesStop=\count124
\FV@LoopCount=\count125
\FV@NCharsBox=\box33
\FV@BreakIndent=\dimen131
\FV@BreakIndentNChars=\count126
\FV@BreakSymbolSepLeft=\dimen132
\FV@BreakSymbolSepLeftNChars=\count127
\FV@BreakSymbolSepRight=\dimen133
\FV@BreakSymbolSepRightNChars=\count128
\FV@BreakSymbolIndentLeft=\dimen134
\FV@BreakSymbolIndentLeftNChars=\count129
\FV@BreakSymbolIndentRight=\dimen135
\FV@BreakSymbolIndentRightNChars=\count130
\c@FancyVerbLineBreakLast=\count131
\FV@LineBox=\box34
\FV@LineIndentBox=\box35
)
(/usr/share/texmf-dist/tex/latex/tools/calc.sty
Package: calc 2014/10/28 v4.3 Infix arithmetic (KKT,FJ)
\calc@Acount=\count132
\calc@Bcount=\count133
\calc@Adimen=\dimen136
\calc@Bdimen=\dimen137
\calc@Askip=\skip47
\calc@Bskip=\skip48
LaTeX Info: Redefining \setlength on input line 80.
LaTeX Info: Redefining \addtolength on input line 81.
\calc@Ccount=\count134
\calc@Cskip=\skip49
)
(/usr/share/texmf-dist/tex/latex/tools/shellesc.sty
Package: shellesc 2016/06/07 v0.02a unified shell escape interface for LaTeX
Package shellesc Info: Unrestricted shell escape enabled on input line 67.
)
(/usr/share/texmf-dist/tex/latex/ifplatform/ifplatform.sty
Package: ifplatform 2010/10/22 v0.4 Testing for the operating system

(/usr/share/texmf-dist/tex/generic/oberdiek/pdftexcmds.sty
Package: pdftexcmds 2017/03/19 v0.25 Utility functions of pdfTeX for LuaTeX (HO
)
Package pdftexcmds Info: LuaTeX not detected.
Package pdftexcmds Info: \pdf@primitive is available.
Package pdftexcmds Info: \pdf@ifprimitive is available.
Package pdftexcmds Info: \pdfdraftmode found.
)
(/usr/share/texmf-dist/tex/generic/oberdiek/catchfile.sty
Package: catchfile 2016/05/16 v1.7 Catch the contents of a file (HO)
)
runsystem(uname -s > "main.w18")...executed.

 (./main.w18)
runsystem(rm -- "main.w18")...executed.

)
(/usr/share/texmf-dist/tex/generic/xstring/xstring.sty
(/usr/share/texmf-dist/tex/generic/xstring/xstring.tex
\@xs@message=\write4
\integerpart=\count135
\decimalpart=\count136
)
Package: xstring 2013/10/13  v1.7c  String manipulations (C Tellechea)
)
(/usr/share/texmf-dist/tex/latex/framed/framed.sty
Package: framed 2011/10/22 v 0.96: framed or shaded text with page breaks
\OuterFrameSep=\skip50
\fb@frw=\dimen138
\fb@frh=\dimen139
\FrameRule=\dimen140
\FrameSep=\dimen141
)
(/usr/share/texmf-dist/tex/latex/float/float.sty
Package: float 2001/11/08 v1.3d Float enhancements (AL)
\c@float@type=\count137
\float@exts=\toks23
\float@box=\box36
\@float@everytoks=\toks24
\@floatcapt=\box37
)
\minted@appexistsfile=\read2
\minted@bgbox=\box38
\minted@code=\write5
\c@minted@FancyVerbLineTemp=\count138
\c@minted@pygmentizecounter=\count139
\@float@every@listing=\toks25
\c@listing=\count140
)
runsystem(mkdir -p _minted-main)...executed.


(/usr/share/texmf-dist/tex/latex/inconsolata/inconsolata.sty
Package: inconsolata 2017/01/04 v1.112

`inconsolata-zi4' v1.112, 2017/01/04 Text macros for Inconsolata (msharpe)
(/usr/share/texmf-dist/tex/latex/base/textcomp.sty
Package: textcomp 2017/04/05 v2.0i Standard LaTeX package
Package textcomp Info: Sub-encoding information:
(textcomp)               5 = only ISO-Adobe without \textcurrency
(textcomp)               4 = 5 + \texteuro
(textcomp)               3 = 4 + \textohm
(textcomp)               2 = 3 + \textestimated + \textcurrency
(textcomp)               1 = TS1 - \textcircled - \t
(textcomp)               0 = TS1 (full)
(textcomp)             Font families with sub-encoding setting implement
(textcomp)             only a restricted character set as indicated.
(textcomp)             Family '?' is the default used for unknown fonts.
(textcomp)             See the documentation for details.
Package textcomp Info: Setting ? sub-encoding to TS1/1 on input line 79.

(/usr/share/texmf-dist/tex/latex/base/ts1enc.def
File: ts1enc.def 2001/06/05 v3.0e (jk/car/fm) Standard LaTeX file
)
LaTeX Info: Redefining \oldstylenums on input line 334.
Package textcomp Info: Setting cmr sub-encoding to TS1/0 on input line 349.
Package textcomp Info: Setting cmss sub-encoding to TS1/0 on input line 350.
Package textcomp Info: Setting cmtt sub-encoding to TS1/0 on input line 351.
Package textcomp Info: Setting cmvtt sub-encoding to TS1/0 on input line 352.
Package textcomp Info: Setting cmbr sub-encoding to TS1/0 on input line 353.
Package textcomp Info: Setting cmtl sub-encoding to TS1/0 on input line 354.
Package textcomp Info: Setting ccr sub-encoding to TS1/0 on input line 355.
Package textcomp Info: Setting ptm sub-encoding to TS1/4 on input line 356.
Package textcomp Info: Setting pcr sub-encoding to TS1/4 on input line 357.
Package textcomp Info: Setting phv sub-encoding to TS1/4 on input line 358.
Package textcomp Info: Setting ppl sub-encoding to TS1/3 on input line 359.
Package textcomp Info: Setting pag sub-encoding to TS1/4 on input line 360.
Package textcomp Info: Setting pbk sub-encoding to TS1/4 on input line 361.
Package textcomp Info: Setting pnc sub-encoding to TS1/4 on input line 362.
Package textcomp Info: Setting pzc sub-encoding to TS1/4 on input line 363.
Package textcomp Info: Setting bch sub-encoding to TS1/4 on input line 364.
Package textcomp Info: Setting put sub-encoding to TS1/5 on input line 365.
Package textcomp Info: Setting uag sub-encoding to TS1/5 on input line 366.
Package textcomp Info: Setting ugq sub-encoding to TS1/5 on input line 367.
Package textcomp Info: Setting ul8 sub-encoding to TS1/4 on input line 368.
Package textcomp Info: Setting ul9 sub-encoding to TS1/4 on input line 369.
Package textcomp Info: Setting augie sub-encoding to TS1/5 on input line 370.
Package textcomp Info: Setting dayrom sub-encoding to TS1/3 on input line 371.
Package textcomp Info: Setting dayroms sub-encoding to TS1/3 on input line 372.

Package textcomp Info: Setting pxr sub-encoding to TS1/0 on input line 373.
Package textcomp Info: Setting pxss sub-encoding to TS1/0 on input line 374.
Package textcomp Info: Setting pxtt sub-encoding to TS1/0 on input line 375.
Package textcomp Info: Setting txr sub-encoding to TS1/0 on input line 376.
Package textcomp Info: Setting txss sub-encoding to TS1/0 on input line 377.
Package textcomp Info: Setting txtt sub-encoding to TS1/0 on input line 378.
Package textcomp Info: Setting lmr sub-encoding to TS1/0 on input line 379.
Package textcomp Info: Setting lmdh sub-encoding to TS1/0 on input line 380.
Package textcomp Info: Setting lmss sub-encoding to TS1/0 on input line 381.
Package textcomp Info: Setting lmssq sub-encoding to TS1/0 on input line 382.
Package textcomp Info: Setting lmvtt sub-encoding to TS1/0 on input line 383.
Package textcomp Info: Setting lmtt sub-encoding to TS1/0 on input line 384.
Package textcomp Info: Setting qhv sub-encoding to TS1/0 on input line 385.
Package textcomp Info: Setting qag sub-encoding to TS1/0 on input line 386.
Package textcomp Info: Setting qbk sub-encoding to TS1/0 on input line 387.
Package textcomp Info: Setting qcr sub-encoding to TS1/0 on input line 388.
Package textcomp Info: Setting qcs sub-encoding to TS1/0 on input line 389.
Package textcomp Info: Setting qpl sub-encoding to TS1/0 on input line 390.
Package textcomp Info: Setting qtm sub-encoding to TS1/0 on input line 391.
Package textcomp Info: Setting qzc sub-encoding to TS1/0 on input line 392.
Package textcomp Info: Setting qhvc sub-encoding to TS1/0 on input line 393.
Package textcomp Info: Setting futs sub-encoding to TS1/4 on input line 394.
Package textcomp Info: Setting futx sub-encoding to TS1/4 on input line 395.
Package textcomp Info: Setting futj sub-encoding to TS1/4 on input line 396.
Package textcomp Info: Setting hlh sub-encoding to TS1/3 on input line 397.
Package textcomp Info: Setting hls sub-encoding to TS1/3 on input line 398.
Package textcomp Info: Setting hlst sub-encoding to TS1/3 on input line 399.
Package textcomp Info: Setting hlct sub-encoding to TS1/5 on input line 400.
Package textcomp Info: Setting hlx sub-encoding to TS1/5 on input line 401.
Package textcomp Info: Setting hlce sub-encoding to TS1/5 on input line 402.
Package textcomp Info: Setting hlcn sub-encoding to TS1/5 on input line 403.
Package textcomp Info: Setting hlcw sub-encoding to TS1/5 on input line 404.
Package textcomp Info: Setting hlcf sub-encoding to TS1/5 on input line 405.
Package textcomp Info: Setting pplx sub-encoding to TS1/3 on input line 406.
Package textcomp Info: Setting pplj sub-encoding to TS1/3 on input line 407.
Package textcomp Info: Setting ptmx sub-encoding to TS1/4 on input line 408.
Package textcomp Info: Setting ptmj sub-encoding to TS1/4 on input line 409.
)
(/usr/share/texmf-dist/tex/latex/xkeyval/xkeyval.sty
Package: xkeyval 2014/12/03 v2.7a package option processing (HA)

(/usr/share/texmf-dist/tex/generic/xkeyval/xkeyval.tex
(/usr/share/texmf-dist/tex/generic/xkeyval/xkvutils.tex
\XKV@toks=\toks26
\XKV@tempa@toks=\toks27
)
\XKV@depth=\count141
File: xkeyval.tex 2014/12/03 v2.7a key=value parser (HA)
))
\zifour@ocount=\count142
)
(/usr/share/texmf-dist/tex/latex/xcolor/xcolor.sty
Package: xcolor 2016/05/11 v2.12 LaTeX color extensions (UK)

(/usr/share/texmf-dist/tex/latex/graphics-cfg/color.cfg
File: color.cfg 2016/01/02 v1.6 sample color configuration
)
Package xcolor Info: Driver file: pdftex.def on input line 225.
Package xcolor Info: Model `cmy' substituted by `cmy0' on input line 1348.
Package xcolor Info: Model `hsb' substituted by `rgb' on input line 1352.
Package xcolor Info: Model `RGB' extended on input line 1364.
Package xcolor Info: Model `HTML' substituted by `rgb' on input line 1366.
Package xcolor Info: Model `Hsb' substituted by `hsb' on input line 1367.
Package xcolor Info: Model `tHsb' substituted by `hsb' on input line 1368.
Package xcolor Info: Model `HSB' substituted by `hsb' on input line 1369.
Package xcolor Info: Model `Gray' substituted by `gray' on input line 1370.
Package xcolor Info: Model `wave' substituted by `hsb' on input line 1371.
)
runsystem(which pygmentize && touch main.aex)...executed.

runsystem(rm main.aex)...executed.

 (./main.aux)
\openout1 = `main.aux'.

LaTeX Font Info:    Checking defaults for OML/cmm/m/it on input line 36.
LaTeX Font Info:    ... okay on input line 36.
LaTeX Font Info:    Checking defaults for T1/cmr/m/n on input line 36.
LaTeX Font Info:    ... okay on input line 36.
LaTeX Font Info:    Checking defaults for OT1/cmr/m/n on input line 36.
LaTeX Font Info:    ... okay on input line 36.
LaTeX Font Info:    Checking defaults for OMS/cmsy/m/n on input line 36.
LaTeX Font Info:    ... okay on input line 36.
LaTeX Font Info:    Checking defaults for OMX/cmex/m/n on input line 36.
LaTeX Font Info:    ... okay on input line 36.
LaTeX Font Info:    Checking defaults for U/cmr/m/n on input line 36.
LaTeX Font Info:    ... okay on input line 36.
LaTeX Font Info:    Checking defaults for TS1/cmr/m/n on input line 36.
LaTeX Font Info:    Try loading font information for TS1+cmr on input line 36.

(/usr/share/texmf-dist/tex/latex/base/ts1cmr.fd
File: ts1cmr.fd 2014/09/29 v2.5h Standard LaTeX font definitions
)
LaTeX Font Info:    ... okay on input line 36.

*geometry* driver: auto-detecting
*geometry* detected driver: pdftex
*geometry* verbose mode - [ preamble ] result:
* driver: pdftex
* paper: <default>
* layout: <same size as paper>
* layoutoffset:(h,v)=(0.0pt,0.0pt)
* modes: 
* h-part:(L,W,R)=(72.26999pt, 469.75502pt, 72.26999pt)
* v-part:(T,H,B)=(72.26999pt, 650.43001pt, 72.26999pt)
* \paperwidth=614.295pt
* \paperheight=794.96999pt
* \textwidth=469.75502pt
* \textheight=650.43001pt
* \oddsidemargin=0.0pt
* \evensidemargin=0.0pt
* \topmargin=-37.0pt
* \headheight=12.0pt
* \headsep=25.0pt
* \topskip=10.0pt
* \footskip=30.0pt
* \marginparwidth=65.0pt
* \marginparsep=11.0pt
* \columnsep=10.0pt
* \skip\footins=9.0pt plus 4.0pt minus 2.0pt
* \hoffset=0.0pt
* \voffset=0.0pt
* \mag=1000
* \@twocolumnfalse
* \@twosidefalse
* \@mparswitchfalse
* \@reversemarginfalse
* (1in=72.27pt=25.4mm, 1cm=28.453pt)

(/usr/share/texmf-dist/tex/context/base/mkii/supp-pdf.mkii
[Loading MPS to PDF converter (version 2006.09.02).]
\scratchcounter=\count143
\scratchdimen=\dimen142
\scratchbox=\box39
\nofMPsegments=\count144
\nofMParguments=\count145
\everyMPshowfont=\toks28
\MPscratchCnt=\count146
\MPscratchDim=\dimen143
\MPnumerator=\count147
\makeMPintoPDFobject=\count148
\everyMPtoPDFconversion=\toks29
) (/usr/share/texmf-dist/tex/latex/oberdiek/epstopdf-base.sty
Package: epstopdf-base 2016/05/15 v2.6 Base part for package epstopdf

(/usr/share/texmf-dist/tex/latex/oberdiek/grfext.sty
Package: grfext 2016/05/16 v1.2 Manage graphics extensions (HO)

(/usr/share/texmf-dist/tex/generic/oberdiek/kvdefinekeys.sty
Package: kvdefinekeys 2016/05/16 v1.4 Define keys (HO)
))
Package epstopdf-base Info: Redefining graphics rule for `.eps' on input line 4
38.
Package grfext Info: Graphics extension search list:
(grfext)             [.pdf,.png,.jpg,.mps,.jpeg,.jbig2,.jb2,.PDF,.PNG,.JPG,.JPE
G,.JBIG2,.JB2,.eps]
(grfext)             \AppendGraphicsExtensions on input line 456.

(/usr/share/texmf-dist/tex/latex/latexconfig/epstopdf-sys.cfg
File: epstopdf-sys.cfg 2010/07/13 v1.3 Configuration of (r)epstopdf for TeX Liv
e
))
\c@lstlisting=\count149
\openout3 = `main.pyg'.


(./_minted-main/default-pyg-prefix.pygstyle) (./_minted-main/default.pygstyle)
runsystem(pygmentize -l text -f latex -P commandprefix=PYG -F tokenmerge -o _mi
nted-main/A735C3C3435CC9BA994E9F7FCFA9532FAA15CF4BA75075E8168D3671BF7EB064.pygt
ex main.pyg)...executed.


(./_minted-main/A735C3C3435CC9BA994E9F7FCFA9532FAA15CF4BA75075E8168D3671BF7EB06
4.pygtex
LaTeX Font Info:    Try loading font information for OT1+zi4 on input line 1.
 (/usr/share/texmf-dist/tex/latex/inconsolata/ot1zi4.fd
File: ot1zi4.fd 2016/12/29 OT1/zi4 (Inconsolata)
)
LaTeX Font Info:    Font shape `OT1/zi4/m/n' will be
(Font)              scaled to size 10.0pt on input line 1.
)
runsystem(pygmentize -l text -f latex -P commandprefix=PYG -F tokenmerge -o _mi
nted-main/54FACB7AAD9FC88AC28753885FC29AA03FFE0D0A707962C5324E58E35A380F6B.pygt
ex ../27/user/main.cc)...executed.


(./_minted-main/54FACB7AAD9FC88AC28753885FC29AA03FFE0D0A707962C5324E58E35A380F6
B.pygtex
LaTeX Font Info:    Try loading font information for TS1+zi4 on input line 8.
 (/usr/share/texmf-dist/tex/latex/inconsolata/ts1zi4.fd
File: ts1zi4.fd 2016/12/29 TS1/zi4 (Inconsolata)
)
LaTeX Font Info:    Font shape `TS1/zi4/m/n' will be
(Font)              scaled to size 10.0pt on input line 8.
 [1

{/var/lib/texmf/fonts/map/pdftex/updmap/pdftex.map}])
runsystem(pygmentize -l text -f latex -P commandprefix=PYG -F tokenmerge -o _mi
nted-main/B613F0F07E2837B1D7B34B7E1D5FE6064873D3F72F1844F87D4C4C3B942C72E0.pygt
ex ../27/user/user.ih)...executed.


(./_minted-main/B613F0F07E2837B1D7B34B7E1D5FE6064873D3F72F1844F87D4C4C3B942C72E
0.pygtex)
runsystem(pygmentize -l text -f latex -P commandprefix=PYG -F tokenmerge -o _mi
nted-main/2AF912BA4FFAF363BA52D0244A37A1C0066734C546362D9550DFC960985C55F0.pygt
ex ../27/user/user.h)...executed.


(./_minted-main/2AF912BA4FFAF363BA52D0244A37A1C0066734C546362D9550DFC960985C55F
0.pygtex [2])
runsystem(pygmentize -l text -f latex -P commandprefix=PYG -F tokenmerge -o _mi
nted-main/E68D736A080DFF2BC45A176899B81129F91FEC89E59735A3007157C913B68957.pygt
ex ../27/user/ingroup.cc)...executed.


(./_minted-main/E68D736A080DFF2BC45A176899B81129F91FEC89E59735A3007157C913B6895
7.pygtex)
runsystem(pygmentize -l text -f latex -P commandprefix=PYG -F tokenmerge -o _mi
nted-main/6DC969F83DBFC11A4D6B27EF756D722D5EB97E671F5B504AA9CE335E8D07E0C7.pygt
ex ../27/user/user1.cc)...executed.


(./_minted-main/6DC969F83DBFC11A4D6B27EF756D722D5EB97E671F5B504AA9CE335E8D07E0C
7.pygtex)
runsystem(pygmentize -l text -f latex -P commandprefix=PYG -F tokenmerge -o _mi
nted-main/7CE80EB01895F7B91553C8CDE4B30764185C8A39540123EEBB08FB79520DC0E3.pygt
ex ../virtualcpu/enums/enums.h)...executed.


(./_minted-main/7CE80EB01895F7B91553C8CDE4B30764185C8A39540123EEBB08FB79520DC0E
3.pygtex [3])
runsystem(pygmentize -l text -f latex -P commandprefix=PYG -F tokenmerge -o _mi
nted-main/AF378B66D4F24E52E5F2E06C9A83ADAD9F5E644781249B724A562432E54EDB7C.pygt
ex ../virtualcpu/memory/memory.ih)...executed.


(./_minted-main/AF378B66D4F24E52E5F2E06C9A83ADAD9F5E644781249B724A562432E54EDB7
C.pygtex)
runsystem(pygmentize -l text -f latex -P commandprefix=PYG -F tokenmerge -o _mi
nted-main/A462B159A4C756B8AF9C5041AE4A96BAF5F5C8EC68CEBFEF0A4692777FC5A018.pygt
ex ../virtualcpu/memory/memory.h)...executed.


(./_minted-main/A462B159A4C756B8AF9C5041AE4A96BAF5F5C8EC68CEBFEF0A4692777FC5A01
8.pygtex)
runsystem(pygmentize -l text -f latex -P commandprefix=PYG -F tokenmerge -o _mi
nted-main/ED9044F259B5CD7B5937C152A90B71B5B1987B6B6583E757FCB4A5C0587892F5.pygt
ex ../virtualcpu/memory/load.cc)...executed.


(./_minted-main/ED9044F259B5CD7B5937C152A90B71B5B1987B6B6583E757FCB4A5C0587892F
5.pygtex)
runsystem(pygmentize -l text -f latex -P commandprefix=PYG -F tokenmerge -o _mi
nted-main/69D8426E778B20402B0462D620D16866D9FBC7ED4CC0284856DED03B62F2860B.pygt
ex ../virtualcpu/memory/memory1.cc)...executed.


(./_minted-main/69D8426E778B20402B0462D620D16866D9FBC7ED4CC0284856DED03B62F2860
B.pygtex [4])
runsystem(pygmentize -l text -f latex -P commandprefix=PYG -F tokenmerge -o _mi
nted-main/43EFCD510C2D5D281B4E2156BB8AADF4EC32DBD3363D88DD8D82F4D1E3AECF7E.pygt
ex ../virtualcpu/memory/store.cc)...executed.


(./_minted-main/43EFCD510C2D5D281B4E2156BB8AADF4EC32DBD3363D88DD8D82F4D1E3AECF7
E.pygtex)
runsystem(pygmentize -l text -f latex -P commandprefix=PYG -F tokenmerge -o _mi
nted-main/C17F0EFF423C05DBD1F8BE39B85311D13966F6A14A432FA1DFAFF552E0C17B8F.pygt
ex ../virtualcpu/cpu/cpu.ih)...executed.


(./_minted-main/C17F0EFF423C05DBD1F8BE39B85311D13966F6A14A432FA1DFAFF552E0C17B8
F.pygtex)
runsystem(pygmentize -l text -f latex -P commandprefix=PYG -F tokenmerge -o _mi
nted-main/DEDE9E599C5310BDC9748C1982D1F9BB328A95909F5746FB821942F546434FAD.pygt
ex ../virtualcpu/cpu/cpu.h)...executed.


(./_minted-main/DEDE9E599C5310BDC9748C1982D1F9BB328A95909F5746FB821942F546434FA
D.pygtex [5])
runsystem(pygmentize -l text -f latex -P commandprefix=PYG -F tokenmerge -o _mi
nted-main/045724780C5A3A2F3947A8515346179E651A0A4C448B38242599826AFE40E286.pygt
ex ../virtualcpu/cpu/cpu1.cc)...executed.


(./_minted-main/045724780C5A3A2F3947A8515346179E651A0A4C448B38242599826AFE40E28
6.pygtex)
runsystem(pygmentize -l text -f latex -P commandprefix=PYG -F tokenmerge -o _mi
nted-main/0460FA26D176B2AE93908B120AFA1D279DC99203B5D16DA0D4895EDFDF95AA20.pygt
ex ../virtualcpu/cpu/err.cc)...executed.


(./_minted-main/0460FA26D176B2AE93908B120AFA1D279DC99203B5D16DA0D4895EDFDF95AA2
0.pygtex)
runsystem(pygmentize -l text -f latex -P commandprefix=PYG -F tokenmerge -o _mi
nted-main/0E3B05D4F9A4D0009AC9F56D95B667C04B6B3886C80BA86A0E0D5A2298598888.pygt
ex ../virtualcpu/cpu/start.cc)...executed.


(./_minted-main/0E3B05D4F9A4D0009AC9F56D95B667C04B6B3886C80BA86A0E0D5A229859888
8.pygtex [6])
runsystem(pygmentize -l text -f latex -P commandprefix=PYG -F tokenmerge -o _mi
nted-main/6525C14B34EE1E81483E3C68EEB2126EE46708D193C83FFF874065A1D5219311.pygt
ex ../virtualcpu/tokenizer/tokenizer.h)...executed.


(./_minted-main/6525C14B34EE1E81483E3C68EEB2126EE46708D193C83FFF874065A1D521931
1.pygtex)
runsystem(pygmentize -l text -f latex -P commandprefix=PYG -F tokenmerge -o _mi
nted-main/7F418D37F1B55B6AC55CDB6625CA6CC1637F471CC169AE0A4D01E47FC568C52F.pygt
ex ../virtualcpu/tokenizer/tokenizer.ih)...executed.


(./_minted-main/7F418D37F1B55B6AC55CDB6625CA6CC1637F471CC169AE0A4D01E47FC568C52
F.pygtex)
runsystem(pygmentize -l text -f latex -P commandprefix=PYG -F tokenmerge -o _mi
nted-main/8D50224533CADAFB53F9F0AE5231094BDA23CFB30E6583521DE04F01ADBB2578.pygt
ex ../virtualcpu/tokenizer/opcode.cc)...executed.


(./_minted-main/8D50224533CADAFB53F9F0AE5231094BDA23CFB30E6583521DE04F01ADBB257
8.pygtex [7])
runsystem(pygmentize -l text -f latex -P commandprefix=PYG -F tokenmerge -o _mi
nted-main/3737B5630B369223739F5B63966B3B64FAFA0735FB59AFD5ADE90F84288C9A66.pygt
ex ../virtualcpu/tokenizer/reset.cc)...executed.


(./_minted-main/3737B5630B369223739F5B63966B3B64FAFA0735FB59AFD5ADE90F84288C9A6
6.pygtex)
runsystem(pygmentize -l text -f latex -P commandprefix=PYG -F tokenmerge -o _mi
nted-main/7756D9B549061105ADA6403D4705480396FA2EDFAB40F7846FA67A56370A00F2.pygt
ex ../virtualcpu/tokenizer/token.cc)...executed.


(./_minted-main/7756D9B549061105ADA6403D4705480396FA2EDFAB40F7846FA67A56370A00F
2.pygtex)
runsystem(pygmentize -l text -f latex -P commandprefix=PYG -F tokenmerge -o _mi
nted-main/3711D64126E72F2BBCF3E6F0FAE54C35D5A627C15C82FB8875FAC162F3073378.pygt
ex ../virtualcpu/tokenizer/value.cc)...executed.


(./_minted-main/3711D64126E72F2BBCF3E6F0FAE54C35D5A627C15C82FB8875FAC162F307337
8.pygtex [8])
runsystem(rm _minted-main/A735C3C3435CC9BA994E9F7FCFA9532F504A7AF0CD3BAA7542030
FC560DFCC45.pygtex)...executed.

runsystem(rm _minted-main/54FACB7AAD9FC88AC28753885FC29AA078E478138F18768A0415E
390EC1C29F2.pygtex)...executed.

runsystem(rm _minted-main/B613F0F07E2837B1D7B34B7E1D5FE606F84E599ABC2FF7C655B8D
0CE0D2DBC65.pygtex)...executed.

runsystem(rm _minted-main/2AF912BA4FFAF363BA52D0244A37A1C0675D2011BDF4D0B6D9784
EE68801FD83.pygtex)...executed.

runsystem(rm _minted-main/E68D736A080DFF2BC45A176899B81129D0DC0B23AB71B0B397416
D322599981A.pygtex)...executed.

runsystem(rm _minted-main/6DC969F83DBFC11A4D6B27EF756D722D00ADA7D13FC76A06CAE56
5556200F995.pygtex)...executed.

runsystem(rm _minted-main/7CE80EB01895F7B91553C8CDE4B30764F37368677960A3D086B74
08507A7D053.pygtex)...executed.

runsystem(rm _minted-main/AF378B66D4F24E52E5F2E06C9A83ADAD5B96A5A7B29EAEDDB6CA1
DE4F3B6697C.pygtex)...executed.

runsystem(rm _minted-main/A462B159A4C756B8AF9C5041AE4A96BABB17DB5135884159F6C00
17B546BF497.pygtex)...executed.

runsystem(rm _minted-main/ED9044F259B5CD7B5937C152A90B71B51C65E08E26B74AB147B10
764ED61381A.pygtex)...executed.

runsystem(rm _minted-main/69D8426E778B20402B0462D620D1686614C1634938FABE5B78FCE
C98CB6BDB9B.pygtex)...executed.

runsystem(rm _minted-main/43EFCD510C2D5D281B4E2156BB8AADF4D8D22A183484A0AA9BC76
9B2FC070F44.pygtex)...executed.

runsystem(rm _minted-main/C17F0EFF423C05DBD1F8BE39B85311D170E7BB85E471A9E2A09B9
385CB787B0E.pygtex)...executed.

runsystem(rm _minted-main/DEDE9E599C5310BDC9748C1982D1F9BB8D4FE1011A79AC5AD2061
53EFA37AF96.pygtex)...executed.

runsystem(rm _minted-main/045724780C5A3A2F3947A8515346179E143FD81813E3CA4F2B14F
F77FC3DC3E8.pygtex)...executed.

runsystem(rm _minted-main/0460FA26D176B2AE93908B120AFA1D2757BCDCC9AB6D78B45CDF4
3F09011A658.pygtex)...executed.

runsystem(rm _minted-main/0E3B05D4F9A4D0009AC9F56D95B667C000FF03DC516604A854D41
A0461C82F2C.pygtex)...executed.

runsystem(rm _minted-main/6525C14B34EE1E81483E3C68EEB2126EF41D52D8E073B4F4F843A
3AE3F4F1EF5.pygtex)...executed.

runsystem(rm _minted-main/7F418D37F1B55B6AC55CDB6625CA6CC1EF75024A9D353A5A73C1A
4DDB2A41502.pygtex)...executed.

runsystem(rm _minted-main/8D50224533CADAFB53F9F0AE5231094BF6DB60346E99A6FBE3859
F51265322FB.pygtex)...executed.

runsystem(rm _minted-main/3737B5630B369223739F5B63966B3B64E9CA5B0894F7FBA42C8A9
CF850935551.pygtex)...executed.

runsystem(rm _minted-main/7756D9B549061105ADA6403D470548033AAFCB034B73A8BD9F76D
56DBD2D03E3.pygtex)...executed.

runsystem(rm _minted-main/3711D64126E72F2BBCF3E6F0FAE54C35B152B41C4F69BE44760B4
7D32FA0A287.pygtex)...executed.

 [9] (./main.aux)
runsystem(rm main.pyg)...executed.

 ) 
Here is how much of TeX's memory you used:
 8260 strings out of 492990
 138618 string characters out of 6138688
 249147 words of memory out of 5000000
 11589 multiletter control sequences out of 15000+600000
 5390 words of font info for 20 fonts, out of 8000000 for 9000
 1141 hyphenation exceptions out of 8191
 37i,5n,37p,843b,392s stack positions out of 5000i,500n,10000p,200000b,80000s
{/usr/share/texmf-dist/fonts/enc/dvips/inconsolata/i4-ts1.enc}{/usr/share/tex
mf-dist/fonts/enc/dvips/inconsolata/i4-ot1-0.enc}</usr/share/texmf-dist/fonts/t
ype1/public/inconsolata/Inconsolata-zi4r.pfb></usr/share/texmf-dist/fonts/type1
/public/amsfonts/cm/cmbx10.pfb></usr/share/texmf-dist/fonts/type1/public/amsfon
ts/cm/cmbx12.pfb></usr/share/texmf-dist/fonts/type1/public/amsfonts/cm/cmr10.pf
b></usr/share/texmf-dist/fonts/type1/public/amsfonts/cm/cmr5.pfb></usr/share/te
xmf-dist/fonts/type1/public/amsfonts/cm/cmti10.pfb>
Output written on main.pdf (9 pages, 100300 bytes).
PDF statistics:
 62 PDF objects out of 1000 (max. 8388607)
 44 compressed objects within 1 object stream
 0 named destinations out of 1000 (max. 500000)
 1 words of extra memory for PDF output out of 10000 (max. 10000000)

